{"/Users/okamotohidetaka/development/npm/talkyjs/core/src/index.ts": {"path":"/Users/okamotohidetaka/development/npm/talkyjs/core/src/index.ts","statementMap":{"0":{"start":{"line":1,"column":0},"end":{"line":1,"column":47}},"1":{"start":{"line":2,"column":0},"end":{"line":2,"column":25}},"2":{"start":{"line":3,"column":0},"end":{"line":3,"column":43}}},"fnMap":{},"branchMap":{},"s":{"0":0,"1":0,"2":0},"f":{},"b":{}}
,"/Users/okamotohidetaka/development/npm/talkyjs/core/src/CRM/UserActivity.classs.ts": {"path":"/Users/okamotohidetaka/development/npm/talkyjs/core/src/CRM/UserActivity.classs.ts","statementMap":{"0":{"start":{"line":1,"column":0},"end":{"line":1,"column":58}},"1":{"start":{"line":3,"column":0},"end":{"line":3,"column":28}},"2":{"start":{"line":4,"column":0},"end":{"line":4,"column":79}},"3":{"start":{"line":10,"column":0},"end":{"line":10,"column":78}},"4":{"start":{"line":12,"column":0},"end":{"line":12,"column":null}},"5":{"start":{"line":12,"column":41},"end":{"line":12,"column":69}},"6":{"start":{"line":21,"column":23},"end":{"line":21,"column":null}},"7":{"start":{"line":22,"column":21},"end":{"line":22,"column":null}},"8":{"start":{"line":24,"column":4},"end":{"line":24,"column":null}},"9":{"start":{"line":27,"column":4},"end":{"line":27,"column":null}},"10":{"start":{"line":28,"column":4},"end":{"line":28,"column":43}},"11":{"start":{"line":29,"column":4},"end":{"line":29,"column":27}},"12":{"start":{"line":30,"column":4},"end":{"line":30,"column":25}},"13":{"start":{"line":36,"column":15},"end":{"line":39,"column":null}},"14":{"start":{"line":37,"column":33},"end":{"line":37,"column":null}},"15":{"start":{"line":37,"column":12},"end":{"line":37,"column":33}},"16":{"start":{"line":38,"column":4},"end":{"line":38,"column":33}},"17":{"start":{"line":44,"column":15},"end":{"line":48,"column":null}},"18":{"start":{"line":45,"column":35},"end":{"line":45,"column":null}},"19":{"start":{"line":45,"column":12},"end":{"line":45,"column":35}},"20":{"start":{"line":46,"column":10},"end":{"line":46,"column":72}},"21":{"start":{"line":47,"column":4},"end":{"line":47,"column":47}},"22":{"start":{"line":53,"column":15},"end":{"line":59,"column":null}},"23":{"start":{"line":54,"column":17},"end":{"line":57,"column":null}},"24":{"start":{"line":54,"column":10},"end":{"line":57,"column":null}},"25":{"start":{"line":58,"column":4},"end":{"line":58,"column":16}},"26":{"start":{"line":64,"column":15},"end":{"line":78,"column":null}},"27":{"start":{"line":65,"column":4},"end":{"line":65,"column":52}},"28":{"start":{"line":65,"column":45},"end":{"line":65,"column":52}},"29":{"start":{"line":66,"column":17},"end":{"line":66,"column":null}},"30":{"start":{"line":66,"column":10},"end":{"line":66,"column":null}},"31":{"start":{"line":67,"column":4},"end":{"line":67,"column":54}},"32":{"start":{"line":68,"column":4},"end":{"line":68,"column":44}},"33":{"start":{"line":70,"column":4},"end":{"line":70,"column":48}},"34":{"start":{"line":75,"column":8},"end":{"line":75,"column":12}},"35":{"start":{"line":76,"column":6},"end":{"line":76,"column":68}},"36":{"start":{"line":79,"column":0},"end":{"line":79,"column":null}},"37":{"start":{"line":12,"column":13},"end":{"line":12,"column":32}}},"fnMap":{"0":{"name":"(anonymous_0)","decl":{"start":{"line":12,"column":0},"end":{"line":12,"column":13}},"loc":{"start":{"line":12,"column":0},"end":{"line":79,"column":null}}},"1":{"name":"UserActivityManager","decl":{"start":{"line":19,"column":2},"end":{"line":19,"column":null}},"loc":{"start":{"line":25,"column":33},"end":{"line":31,"column":3}}},"2":{"name":"(anonymous_2)","decl":{"start":{"line":36,"column":2},"end":{"line":36,"column":15}},"loc":{"start":{"line":36,"column":2},"end":{"line":39,"column":null}}},"3":{"name":"(anonymous_5)","decl":{"start":{"line":44,"column":2},"end":{"line":44,"column":15}},"loc":{"start":{"line":44,"column":2},"end":{"line":48,"column":null}}},"4":{"name":"(anonymous_8)","decl":{"start":{"line":53,"column":2},"end":{"line":53,"column":15}},"loc":{"start":{"line":53,"column":2},"end":{"line":59,"column":null}}},"5":{"name":"(anonymous_11)","decl":{"start":{"line":64,"column":2},"end":{"line":64,"column":15}},"loc":{"start":{"line":64,"column":2},"end":{"line":78,"column":null}}}},"branchMap":{"0":{"loc":{"start":{"line":24,"column":4},"end":{"line":24,"column":null}},"type":"if","locations":[{"start":{"line":24,"column":4},"end":{"line":24,"column":null}},{"start":{"line":24,"column":4},"end":{"line":24,"column":null}}]},"1":{"loc":{"start":{"line":27,"column":4},"end":{"line":27,"column":28}},"type":"binary-expr","locations":[{"start":{"line":27,"column":4},"end":{"line":27,"column":28}},{"start":{"line":27,"column":28},"end":{"line":27,"column":null}}]},"2":{"loc":{"start":{"line":37,"column":33},"end":{"line":37,"column":null}},"type":"switch","locations":[{"start":{"line":37,"column":33},"end":{"line":37,"column":null}}]},"3":{"loc":{"start":{"line":45,"column":35},"end":{"line":45,"column":null}},"type":"switch","locations":[{"start":{"line":45,"column":35},"end":{"line":45,"column":null}}]},"4":{"loc":{"start":{"line":54,"column":17},"end":{"line":57,"column":null}},"type":"switch","locations":[{"start":{"line":54,"column":17},"end":{"line":57,"column":null}}]},"5":{"loc":{"start":{"line":65,"column":4},"end":{"line":65,"column":52}},"type":"if","locations":[{"start":{"line":65,"column":4},"end":{"line":65,"column":52}},{"start":{"line":65,"column":4},"end":{"line":65,"column":52}}]},"6":{"loc":{"start":{"line":75,"column":8},"end":{"line":75,"column":12}},"type":"if","locations":[{"start":{"line":75,"column":8},"end":{"line":75,"column":12}},{"start":{"line":75,"column":8},"end":{"line":75,"column":12}}]}},"s":{"0":1,"1":1,"2":1,"3":1,"4":1,"5":1,"6":6,"7":6,"8":12,"9":6,"10":6,"11":6,"12":6,"13":1,"14":3,"15":3,"16":3,"17":1,"18":0,"19":0,"20":0,"21":0,"22":1,"23":12,"24":12,"25":12,"26":1,"27":6,"28":0,"29":6,"30":6,"31":6,"32":6,"33":12,"34":12,"35":0,"36":1,"37":1},"f":{"0":1,"1":6,"2":3,"3":0,"4":12,"5":6},"b":{"0":[6,0],"1":[6,6],"2":[3],"3":[0],"4":[12],"5":[0,6],"6":[6,0]}}
,"/Users/okamotohidetaka/development/npm/talkyjs/core/src/CRM/UserActivity.utils.ts": {"path":"/Users/okamotohidetaka/development/npm/talkyjs/core/src/CRM/UserActivity.utils.ts","statementMap":{"0":{"start":{"line":3,"column":13},"end":{"line":5,"column":2}},"1":{"start":{"line":3,"column":28},"end":{"line":3,"column":null}},"2":{"start":{"line":4,"column":2},"end":{"line":4,"column":43}},"3":{"start":{"line":7,"column":13},"end":{"line":9,"column":2}}},"fnMap":{"0":{"name":"(anonymous_0)","decl":{"start":{"line":3,"column":27},"end":{"line":3,"column":28}},"loc":{"start":{"line":3,"column":51},"end":{"line":5,"column":1}}}},"branchMap":{"0":{"loc":{"start":{"line":3,"column":28},"end":{"line":3,"column":null}},"type":"if","locations":[{"start":{"line":3,"column":28},"end":{"line":3,"column":null}},{"start":{"line":3,"column":28},"end":{"line":3,"column":null}}]}},"s":{"0":2,"1":38,"2":20,"3":2},"f":{"0":20},"b":{"0":[18,2]}}
,"/Users/okamotohidetaka/development/npm/talkyjs/core/src/CRM/index.ts": {"path":"/Users/okamotohidetaka/development/npm/talkyjs/core/src/CRM/index.ts","statementMap":{"0":{"start":{"line":1,"column":0},"end":{"line":1,"column":38}},"1":{"start":{"line":2,"column":0},"end":{"line":2,"column":41}},"2":{"start":{"line":3,"column":0},"end":{"line":3,"column":37}}},"fnMap":{},"branchMap":{},"s":{"0":0,"1":0,"2":0},"f":{},"b":{}}
,"/Users/okamotohidetaka/development/npm/talkyjs/core/src/Logger/Logger.class.ts": {"path":"/Users/okamotohidetaka/development/npm/talkyjs/core/src/Logger/Logger.class.ts","statementMap":{"0":{"start":{"line":1,"column":0},"end":{"line":1,"column":59}},"1":{"start":{"line":3,"column":0},"end":{"line":3,"column":68}},"2":{"start":{"line":8,"column":0},"end":{"line":8,"column":13}},"3":{"start":{"line":16,"column":4},"end":{"line":28,"column":7}},"4":{"start":{"line":31,"column":16},"end":{"line":42,"column":null}},"5":{"start":{"line":35,"column":4},"end":{"line":40,"column":null}},"6":{"start":{"line":36,"column":6},"end":{"line":38,"column":null}},"7":{"start":{"line":37,"column":8},"end":{"line":37,"column":72}},"8":{"start":{"line":39,"column":6},"end":{"line":39,"column":72}},"9":{"start":{"line":41,"column":4},"end":{"line":41,"column":26}},"10":{"start":{"line":44,"column":2},"end":{"line":46,"column":null}},"11":{"start":{"line":45,"column":4},"end":{"line":45,"column":24}},"12":{"start":{"line":47,"column":0},"end":{"line":47,"column":null}},"13":{"start":{"line":8,"column":13},"end":{"line":8,"column":26}}},"fnMap":{"0":{"name":"(anonymous_0)","decl":{"start":{"line":8,"column":0},"end":{"line":8,"column":13}},"loc":{"start":{"line":8,"column":0},"end":{"line":47,"column":null}}},"1":{"name":"LoggerService","decl":{"start":{"line":12,"column":2},"end":{"line":12,"column":null}},"loc":{"start":{"line":14,"column":33},"end":{"line":29,"column":3}}},"2":{"name":"(anonymous_2)","decl":{"start":{"line":31,"column":2},"end":{"line":31,"column":16}},"loc":{"start":{"line":33,"column":33},"end":{"line":42,"column":3}}},"3":{"name":"(anonymous_3)","decl":{"start":{"line":44,"column":2},"end":{"line":44,"column":13}},"loc":{"start":{"line":44,"column":2},"end":{"line":46,"column":3}}}},"branchMap":{"0":{"loc":{"start":{"line":17,"column":30},"end":{"line":17,"column":36}},"type":"cond-expr","locations":[{"start":{"line":17,"column":30},"end":{"line":17,"column":36}},{"start":{"line":17,"column":39},"end":{"line":17,"column":47}}]},"1":{"loc":{"start":{"line":24,"column":13},"end":{"line":24,"column":86}},"type":"cond-expr","locations":[{"start":{"line":24,"column":13},"end":{"line":24,"column":86}},{"start":{"line":25,"column":10},"end":{"line":25,"column":12}}]},"2":{"loc":{"start":{"line":35,"column":4},"end":{"line":40,"column":null}},"type":"if","locations":[{"start":{"line":35,"column":4},"end":{"line":40,"column":null}},{"start":{"line":35,"column":4},"end":{"line":40,"column":null}}]},"3":{"loc":{"start":{"line":36,"column":6},"end":{"line":38,"column":null}},"type":"if","locations":[{"start":{"line":36,"column":6},"end":{"line":38,"column":null}},{"start":{"line":36,"column":6},"end":{"line":38,"column":null}}]}},"s":{"0":7,"1":7,"2":7,"3":13,"4":7,"5":27,"6":7,"7":0,"8":7,"9":27,"10":7,"11":30,"12":7,"13":7},"f":{"0":7,"1":13,"2":27,"3":30},"b":{"0":[0,13],"1":[0,13],"2":[7,20],"3":[0,7]}}
,"/Users/okamotohidetaka/development/npm/talkyjs/core/src/Logger/Logger.utils.ts": {"path":"/Users/okamotohidetaka/development/npm/talkyjs/core/src/Logger/Logger.utils.ts","statementMap":{"0":{"start":{"line":5,"column":13},"end":{"line":11,"column":2}},"1":{"start":{"line":16,"column":13},"end":{"line":18,"column":2}},"2":{"start":{"line":17,"column":2},"end":{"line":17,"column":48}}},"fnMap":{"0":{"name":"(anonymous_0)","decl":{"start":{"line":16,"column":29},"end":{"line":16,"column":null}},"loc":{"start":{"line":16,"column":29},"end":{"line":18,"column":1}}}},"branchMap":{"0":{"loc":{"start":{"line":6,"column":13},"end":{"line":6,"column":35}},"type":"binary-expr","locations":[{"start":{"line":6,"column":13},"end":{"line":6,"column":35}},{"start":{"line":6,"column":39},"end":{"line":6,"column":69}}]},"1":{"loc":{"start":{"line":10,"column":15},"end":{"line":10,"column":38}},"type":"binary-expr","locations":[{"start":{"line":10,"column":15},"end":{"line":10,"column":38}},{"start":{"line":10,"column":42},"end":{"line":10,"column":59}}]}},"s":{"0":7,"1":7,"2":39},"f":{"0":39},"b":{"0":[7,7],"1":[7,7]}}
,"/Users/okamotohidetaka/development/npm/talkyjs/core/src/Logger/index.ts": {"path":"/Users/okamotohidetaka/development/npm/talkyjs/core/src/Logger/index.ts","statementMap":{"0":{"start":{"line":1,"column":0},"end":{"line":1,"column":31}}},"fnMap":{},"branchMap":{},"s":{"0":6},"f":{},"b":{}}
,"/Users/okamotohidetaka/development/npm/talkyjs/core/src/PersistanteAttributesManager/PersistanteAttributesManager.interceptor.ts": {"path":"/Users/okamotohidetaka/development/npm/talkyjs/core/src/PersistanteAttributesManager/PersistanteAttributesManager.interceptor.ts","statementMap":{"0":{"start":{"line":2,"column":0},"end":{"line":2,"column":86}},"1":{"start":{"line":7,"column":13},"end":{"line":14,"column":2}},"2":{"start":{"line":8,"column":35},"end":{"line":8,"column":37}},"3":{"start":{"line":9,"column":10},"end":{"line":11,"column":6}},"4":{"start":{"line":12,"column":4},"end":{"line":12,"column":45}}},"fnMap":{"0":{"name":"(anonymous_0)","decl":{"start":{"line":8,"column":2},"end":{"line":8,"column":8}},"loc":{"start":{"line":8,"column":37},"end":{"line":13,"column":null}}}},"branchMap":{},"s":{"0":3,"1":3,"2":2,"3":2,"4":4},"f":{"0":2},"b":{}}
,"/Users/okamotohidetaka/development/npm/talkyjs/core/src/PersistanteAttributesManager/PersistanteAttributesManager.service.ts": {"path":"/Users/okamotohidetaka/development/npm/talkyjs/core/src/PersistanteAttributesManager/PersistanteAttributesManager.service.ts","statementMap":{"0":{"start":{"line":13,"column":0},"end":{"line":13,"column":null}},"1":{"start":{"line":14,"column":9},"end":{"line":16,"column":null}},"2":{"start":{"line":14,"column":15},"end":{"line":14,"column":29}},"3":{"start":{"line":15,"column":4},"end":{"line":15,"column":27}},"4":{"start":{"line":18,"column":9},"end":{"line":20,"column":null}},"5":{"start":{"line":18,"column":14},"end":{"line":18,"column":28}},"6":{"start":{"line":19,"column":4},"end":{"line":19,"column":26}},"7":{"start":{"line":22,"column":9},"end":{"line":24,"column":null}},"8":{"start":{"line":22,"column":15},"end":{"line":22,"column":29}},"9":{"start":{"line":23,"column":4},"end":{"line":23,"column":27}},"10":{"start":{"line":25,"column":0},"end":{"line":25,"column":null}},"11":{"start":{"line":31,"column":0},"end":{"line":31,"column":13}},"12":{"start":{"line":35,"column":19},"end":{"line":35,"column":56}},"13":{"start":{"line":36,"column":10},"end":{"line":36,"column":38}},"14":{"start":{"line":49,"column":4},"end":{"line":49,"column":46}},"15":{"start":{"line":38,"column":16},"end":{"line":45,"column":null}},"16":{"start":{"line":41,"column":4},"end":{"line":43,"column":null}},"17":{"start":{"line":42,"column":6},"end":{"line":42,"column":74}},"18":{"start":{"line":44,"column":4},"end":{"line":44,"column":60}},"19":{"start":{"line":52,"column":15},"end":{"line":67,"column":null}},"20":{"start":{"line":54,"column":19},"end":{"line":54,"column":null}},"21":{"start":{"line":54,"column":12},"end":{"line":54,"column":null}},"22":{"start":{"line":55,"column":6},"end":{"line":60,"column":null}},"23":{"start":{"line":56,"column":8},"end":{"line":58,"column":null}},"24":{"start":{"line":62,"column":6},"end":{"line":62,"column":32}},"25":{"start":{"line":63,"column":6},"end":{"line":63,"column":27}},"26":{"start":{"line":65,"column":4},"end":{"line":65,"column":69}},"27":{"start":{"line":66,"column":4},"end":{"line":66,"column":29}},"28":{"start":{"line":82,"column":15},"end":{"line":92,"column":null}},"29":{"start":{"line":84,"column":19},"end":{"line":84,"column":null}},"30":{"start":{"line":84,"column":12},"end":{"line":84,"column":null}},"31":{"start":{"line":85,"column":6},"end":{"line":87,"column":8}},"32":{"start":{"line":89,"column":6},"end":{"line":89,"column":64}},"33":{"start":{"line":91,"column":4},"end":{"line":91,"column":27}},"34":{"start":{"line":97,"column":15},"end":{"line":101,"column":null}},"35":{"start":{"line":98,"column":4},"end":{"line":98,"column":33}},"36":{"start":{"line":98,"column":26},"end":{"line":98,"column":33}},"37":{"start":{"line":99,"column":4},"end":{"line":99,"column":59}},"38":{"start":{"line":100,"column":4},"end":{"line":100,"column":28}},"39":{"start":{"line":102,"column":0},"end":{"line":102,"column":null}},"40":{"start":{"line":31,"column":13},"end":{"line":31,"column":41}}},"fnMap":{"0":{"name":"(anonymous_0)","decl":{"start":{"line":13,"column":0},"end":{"line":13,"column":null}},"loc":{"start":{"line":13,"column":0},"end":{"line":25,"column":null}}},"1":{"name":"(anonymous_2)","decl":{"start":{"line":14,"column":2},"end":{"line":14,"column":9}},"loc":{"start":{"line":14,"column":2},"end":{"line":16,"column":3}}},"2":{"name":"(anonymous_3)","decl":{"start":{"line":18,"column":2},"end":{"line":18,"column":9}},"loc":{"start":{"line":18,"column":2},"end":{"line":20,"column":3}}},"3":{"name":"(anonymous_4)","decl":{"start":{"line":22,"column":2},"end":{"line":22,"column":9}},"loc":{"start":{"line":22,"column":2},"end":{"line":24,"column":3}}},"4":{"name":"(anonymous_5)","decl":{"start":{"line":31,"column":0},"end":{"line":31,"column":13}},"loc":{"start":{"line":31,"column":0},"end":{"line":102,"column":null}}},"5":{"name":"PersistanteAttributesManager","decl":{"start":{"line":48,"column":2},"end":{"line":48,"column":21}},"loc":{"start":{"line":48,"column":57},"end":{"line":50,"column":3}}},"6":{"name":"(anonymous_7)","decl":{"start":{"line":38,"column":2},"end":{"line":38,"column":16}},"loc":{"start":{"line":40,"column":40},"end":{"line":45,"column":3}}},"7":{"name":"(anonymous_8)","decl":{"start":{"line":52,"column":2},"end":{"line":52,"column":15}},"loc":{"start":{"line":52,"column":59},"end":{"line":67,"column":null}}},"8":{"name":"(anonymous_11)","decl":{"start":{"line":82,"column":2},"end":{"line":82,"column":15}},"loc":{"start":{"line":82,"column":55},"end":{"line":92,"column":null}}},"9":{"name":"(anonymous_14)","decl":{"start":{"line":97,"column":2},"end":{"line":97,"column":15}},"loc":{"start":{"line":97,"column":2},"end":{"line":101,"column":null}}}},"branchMap":{"0":{"loc":{"start":{"line":41,"column":4},"end":{"line":43,"column":null}},"type":"if","locations":[{"start":{"line":41,"column":4},"end":{"line":43,"column":null}},{"start":{"line":41,"column":4},"end":{"line":43,"column":null}}]},"1":{"loc":{"start":{"line":55,"column":6},"end":{"line":60,"column":null}},"type":"if","locations":[{"start":{"line":55,"column":6},"end":{"line":60,"column":null}},{"start":{"line":55,"column":6},"end":{"line":60,"column":null}}]},"2":{"loc":{"start":{"line":98,"column":4},"end":{"line":98,"column":33}},"type":"if","locations":[{"start":{"line":98,"column":4},"end":{"line":98,"column":33}},{"start":{"line":98,"column":4},"end":{"line":98,"column":33}}]}},"s":{"0":3,"1":3,"2":0,"3":0,"4":3,"5":0,"6":0,"7":3,"8":0,"9":0,"10":3,"11":3,"12":15,"13":15,"14":15,"15":3,"16":4,"17":2,"18":4,"19":3,"20":12,"21":12,"22":12,"23":12,"24":0,"25":0,"26":0,"27":0,"28":3,"29":16,"30":16,"31":16,"32":0,"33":16,"34":3,"35":12,"36":3,"37":18,"38":9,"39":3,"40":3},"f":{"0":18,"1":0,"2":0,"3":0,"4":3,"5":15,"6":4,"7":12,"8":16,"9":12},"b":{"0":[2,2],"1":[12,0],"2":[3,9]}}
,"/Users/okamotohidetaka/development/npm/talkyjs/core/src/PersistanteAttributesManager/index.ts": {"path":"/Users/okamotohidetaka/development/npm/talkyjs/core/src/PersistanteAttributesManager/index.ts","statementMap":{"0":{"start":{"line":1,"column":0},"end":{"line":1,"column":55}},"1":{"start":{"line":2,"column":0},"end":{"line":2,"column":59}}},"fnMap":{},"branchMap":{},"s":{"0":3,"1":3},"f":{},"b":{}}
,"/Users/okamotohidetaka/development/npm/talkyjs/core/src/SessionAttributesManager/SessionAttributesManager.service.ts": {"path":"/Users/okamotohidetaka/development/npm/talkyjs/core/src/SessionAttributesManager/SessionAttributesManager.service.ts","statementMap":{"0":{"start":{"line":2,"column":0},"end":{"line":2,"column":22}},"1":{"start":{"line":5,"column":33},"end":{"line":5,"column":77}},"2":{"start":{"line":3,"column":21},"end":{"line":3,"column":42}},"3":{"start":{"line":6,"column":4},"end":{"line":6,"column":47}},"4":{"start":{"line":14,"column":12},"end":{"line":22,"column":null}},"5":{"start":{"line":15,"column":23},"end":{"line":15,"column":68}},"6":{"start":{"line":16,"column":16},"end":{"line":16,"column":45}},"7":{"start":{"line":17,"column":4},"end":{"line":20,"column":6}},"8":{"start":{"line":21,"column":4},"end":{"line":21,"column":60}},"9":{"start":{"line":28,"column":12},"end":{"line":35,"column":null}},"10":{"start":{"line":29,"column":17},"end":{"line":29,"column":62}},"11":{"start":{"line":30,"column":4},"end":{"line":30,"column":22}},"12":{"start":{"line":31,"column":4},"end":{"line":32,"column":18}},"13":{"start":{"line":32,"column":6},"end":{"line":32,"column":18}},"14":{"start":{"line":33,"column":19},"end":{"line":33,"column":36}},"15":{"start":{"line":34,"column":4},"end":{"line":34,"column":31}},"16":{"start":{"line":36,"column":0},"end":{"line":36,"column":null}},"17":{"start":{"line":2,"column":22},"end":{"line":2,"column":46}}},"fnMap":{"0":{"name":"(anonymous_0)","decl":{"start":{"line":2,"column":0},"end":{"line":2,"column":22}},"loc":{"start":{"line":2,"column":0},"end":{"line":36,"column":null}}},"1":{"name":"SessionAttributesManager","decl":{"start":{"line":5,"column":2},"end":{"line":5,"column":14}},"loc":{"start":{"line":5,"column":77},"end":{"line":7,"column":3}}},"2":{"name":"(anonymous_2)","decl":{"start":{"line":14,"column":2},"end":{"line":14,"column":12}},"loc":{"start":{"line":14,"column":71},"end":{"line":22,"column":3}}},"3":{"name":"(anonymous_3)","decl":{"start":{"line":28,"column":2},"end":{"line":28,"column":12}},"loc":{"start":{"line":28,"column":56},"end":{"line":35,"column":3}}}},"branchMap":{"0":{"loc":{"start":{"line":16,"column":16},"end":{"line":16,"column":39}},"type":"binary-expr","locations":[{"start":{"line":16,"column":16},"end":{"line":16,"column":39}},{"start":{"line":16,"column":43},"end":{"line":16,"column":45}}]},"1":{"loc":{"start":{"line":31,"column":4},"end":{"line":32,"column":18}},"type":"if","locations":[{"start":{"line":31,"column":4},"end":{"line":32,"column":18}},{"start":{"line":31,"column":4},"end":{"line":32,"column":18}}]},"2":{"loc":{"start":{"line":31,"column":8},"end":{"line":31,"column":13}},"type":"binary-expr","locations":[{"start":{"line":31,"column":8},"end":{"line":31,"column":13}},{"start":{"line":31,"column":17},"end":{"line":31,"column":73}}]},"3":{"loc":{"start":{"line":34,"column":11},"end":{"line":34,"column":22}},"type":"binary-expr","locations":[{"start":{"line":34,"column":11},"end":{"line":34,"column":22}},{"start":{"line":34,"column":26},"end":{"line":34,"column":30}}]}},"s":{"0":6,"1":29,"2":29,"3":29,"4":6,"5":11,"6":11,"7":11,"8":11,"9":6,"10":24,"11":24,"12":24,"13":12,"14":12,"15":12,"16":6,"17":6},"f":{"0":6,"1":29,"2":11,"3":24},"b":{"0":[11,11],"1":[12,12],"2":[24,24],"3":[12,0]}}
,"/Users/okamotohidetaka/development/npm/talkyjs/core/src/SessionAttributesManager/index.ts": {"path":"/Users/okamotohidetaka/development/npm/talkyjs/core/src/SessionAttributesManager/index.ts","statementMap":{"0":{"start":{"line":1,"column":0},"end":{"line":1,"column":51}}},"fnMap":{},"branchMap":{},"s":{"0":1},"f":{},"b":{}}
,"/Users/okamotohidetaka/development/npm/talkyjs/core/src/framework/index.ts": {"path":"/Users/okamotohidetaka/development/npm/talkyjs/core/src/framework/index.ts","statementMap":{"0":{"start":{"line":1,"column":0},"end":{"line":1,"column":37}},"1":{"start":{"line":2,"column":0},"end":{"line":2,"column":41}}},"fnMap":{},"branchMap":{},"s":{"0":1,"1":1},"f":{},"b":{}}
,"/Users/okamotohidetaka/development/npm/talkyjs/core/src/framework/skillFactory.class.ts": {"path":"/Users/okamotohidetaka/development/npm/talkyjs/core/src/framework/skillFactory.class.ts","statementMap":{"0":{"start":{"line":1,"column":0},"end":{"line":1,"column":null}},"1":{"start":{"line":9,"column":0},"end":{"line":9,"column":82}},"2":{"start":{"line":10,"column":0},"end":{"line":10,"column":70}},"3":{"start":{"line":12,"column":0},"end":{"line":12,"column":66}},"4":{"start":{"line":13,"column":0},"end":{"line":13,"column":42}},"5":{"start":{"line":20,"column":0},"end":{"line":20,"column":null}},"6":{"start":{"line":30,"column":0},"end":{"line":30,"column":13}},"7":{"start":{"line":34,"column":19},"end":{"line":34,"column":78}},"8":{"start":{"line":44,"column":19},"end":{"line":44,"column":56}},"9":{"start":{"line":46,"column":10},"end":{"line":46,"column":47}},"10":{"start":{"line":47,"column":10},"end":{"line":47,"column":51}},"11":{"start":{"line":65,"column":4},"end":{"line":65,"column":71}},"12":{"start":{"line":66,"column":4},"end":{"line":66,"column":73}},"13":{"start":{"line":67,"column":20},"end":{"line":67,"column":68}},"14":{"start":{"line":68,"column":4},"end":{"line":68,"column":57}},"15":{"start":{"line":68,"column":17},"end":{"line":68,"column":57}},"16":{"start":{"line":69,"column":4},"end":{"line":69,"column":38}},"17":{"start":{"line":70,"column":4},"end":{"line":70,"column":37}},"18":{"start":{"line":71,"column":4},"end":{"line":76,"column":12}},"19":{"start":{"line":83,"column":16},"end":{"line":88,"column":null}},"20":{"start":{"line":84,"column":4},"end":{"line":86,"column":null}},"21":{"start":{"line":85,"column":6},"end":{"line":85,"column":48}},"22":{"start":{"line":87,"column":4},"end":{"line":87,"column":26}},"23":{"start":{"line":92,"column":10},"end":{"line":102,"column":null}},"24":{"start":{"line":93,"column":4},"end":{"line":93,"column":50}},"25":{"start":{"line":93,"column":38},"end":{"line":93,"column":50}},"26":{"start":{"line":94,"column":4},"end":{"line":94,"column":40}},"27":{"start":{"line":95,"column":4},"end":{"line":95,"column":48}},"28":{"start":{"line":96,"column":4},"end":{"line":99,"column":6}},"29":{"start":{"line":100,"column":4},"end":{"line":100,"column":61}},"30":{"start":{"line":101,"column":4},"end":{"line":101,"column":16}},"31":{"start":{"line":107,"column":10},"end":{"line":113,"column":null}},"32":{"start":{"line":108,"column":4},"end":{"line":108,"column":49}},"33":{"start":{"line":108,"column":37},"end":{"line":108,"column":49}},"34":{"start":{"line":109,"column":4},"end":{"line":109,"column":46}},"35":{"start":{"line":109,"column":34},"end":{"line":109,"column":46}},"36":{"start":{"line":110,"column":4},"end":{"line":110,"column":36}},"37":{"start":{"line":111,"column":4},"end":{"line":111,"column":65}},"38":{"start":{"line":112,"column":4},"end":{"line":112,"column":16}},"39":{"start":{"line":119,"column":10},"end":{"line":129,"column":null}},"40":{"start":{"line":120,"column":4},"end":{"line":120,"column":29}},"41":{"start":{"line":120,"column":17},"end":{"line":120,"column":29}},"42":{"start":{"line":121,"column":26},"end":{"line":121,"column":33}},"43":{"start":{"line":122,"column":4},"end":{"line":122,"column":32}},"44":{"start":{"line":122,"column":20},"end":{"line":122,"column":32}},"45":{"start":{"line":123,"column":4},"end":{"line":127,"column":null}},"46":{"start":{"line":124,"column":6},"end":{"line":124,"column":63}},"47":{"start":{"line":125,"column":11},"end":{"line":127,"column":null}},"48":{"start":{"line":126,"column":6},"end":{"line":126,"column":57}},"49":{"start":{"line":128,"column":4},"end":{"line":128,"column":16}},"50":{"start":{"line":135,"column":10},"end":{"line":155,"column":null}},"51":{"start":{"line":136,"column":4},"end":{"line":136,"column":29}},"52":{"start":{"line":136,"column":17},"end":{"line":136,"column":29}},"53":{"start":{"line":137,"column":25},"end":{"line":137,"column":32}},"54":{"start":{"line":138,"column":4},"end":{"line":138,"column":59}},"55":{"start":{"line":138,"column":47},"end":{"line":138,"column":59}},"56":{"start":{"line":139,"column":4},"end":{"line":153,"column":null}},"57":{"start":{"line":140,"column":6},"end":{"line":145,"column":8}},"58":{"start":{"line":146,"column":11},"end":{"line":153,"column":null}},"59":{"start":{"line":147,"column":6},"end":{"line":152,"column":8}},"60":{"start":{"line":154,"column":4},"end":{"line":154,"column":16}},"61":{"start":{"line":161,"column":9},"end":{"line":165,"column":null}},"62":{"start":{"line":161,"column":26},"end":{"line":161,"column":46}},"63":{"start":{"line":162,"column":21},"end":{"line":162,"column":71}},"64":{"start":{"line":163,"column":4},"end":{"line":163,"column":41}},"65":{"start":{"line":164,"column":4},"end":{"line":164,"column":16}},"66":{"start":{"line":171,"column":9},"end":{"line":174,"column":null}},"67":{"start":{"line":172,"column":4},"end":{"line":172,"column":38}},"68":{"start":{"line":173,"column":4},"end":{"line":173,"column":16}},"69":{"start":{"line":180,"column":9},"end":{"line":183,"column":null}},"70":{"start":{"line":180,"column":26},"end":{"line":180,"column":53}},"71":{"start":{"line":181,"column":4},"end":{"line":181,"column":53}},"72":{"start":{"line":182,"column":4},"end":{"line":182,"column":16}},"73":{"start":{"line":189,"column":9},"end":{"line":192,"column":null}},"74":{"start":{"line":189,"column":32},"end":{"line":189,"column":69}},"75":{"start":{"line":190,"column":4},"end":{"line":190,"column":63}},"76":{"start":{"line":191,"column":4},"end":{"line":191,"column":16}},"77":{"start":{"line":198,"column":9},"end":{"line":201,"column":null}},"78":{"start":{"line":198,"column":28},"end":{"line":198,"column":57}},"79":{"start":{"line":199,"column":4},"end":{"line":199,"column":55}},"80":{"start":{"line":200,"column":4},"end":{"line":200,"column":16}},"81":{"start":{"line":206,"column":9},"end":{"line":213,"column":null}},"82":{"start":{"line":207,"column":4},"end":{"line":207,"column":30}},"83":{"start":{"line":211,"column":4},"end":{"line":211,"column":34}},"84":{"start":{"line":212,"column":4},"end":{"line":212,"column":30}},"85":{"start":{"line":218,"column":9},"end":{"line":229,"column":null}},"86":{"start":{"line":218,"column":2},"end":{"line":218,"column":9}},"87":{"start":{"line":219,"column":4},"end":{"line":228,"column":6}},"88":{"start":{"line":219,"column":32},"end":{"line":228,"column":6}},"89":{"start":{"line":220,"column":14},"end":{"line":220,"column":25}},"90":{"start":{"line":223,"column":6},"end":{"line":223,"column":25}},"91":{"start":{"line":224,"column":12},"end":{"line":224,"column":36}},"92":{"start":{"line":225,"column":21},"end":{"line":225,"column":null}},"93":{"start":{"line":225,"column":12},"end":{"line":225,"column":null}},"94":{"start":{"line":226,"column":6},"end":{"line":226,"column":26}},"95":{"start":{"line":227,"column":6},"end":{"line":227,"column":20}},"96":{"start":{"line":230,"column":0},"end":{"line":230,"column":null}},"97":{"start":{"line":30,"column":13},"end":{"line":30,"column":25}}},"fnMap":{"0":{"name":"(anonymous_0)","decl":{"start":{"line":30,"column":0},"end":{"line":30,"column":13}},"loc":{"start":{"line":30,"column":0},"end":{"line":230,"column":null}}},"1":{"name":"SkillFactory","decl":{"start":{"line":64,"column":2},"end":{"line":64,"column":21}},"loc":{"start":{"line":64,"column":48},"end":{"line":77,"column":3}}},"2":{"name":"(anonymous_2)","decl":{"start":{"line":83,"column":2},"end":{"line":83,"column":16}},"loc":{"start":{"line":83,"column":50},"end":{"line":88,"column":3}}},"3":{"name":"(anonymous_3)","decl":{"start":{"line":92,"column":2},"end":{"line":92,"column":10}},"loc":{"start":{"line":92,"column":2},"end":{"line":102,"column":3}}},"4":{"name":"(anonymous_4)","decl":{"start":{"line":107,"column":2},"end":{"line":107,"column":10}},"loc":{"start":{"line":107,"column":2},"end":{"line":113,"column":3}}},"5":{"name":"(anonymous_5)","decl":{"start":{"line":119,"column":2},"end":{"line":119,"column":10}},"loc":{"start":{"line":119,"column":58},"end":{"line":129,"column":3}}},"6":{"name":"(anonymous_6)","decl":{"start":{"line":135,"column":2},"end":{"line":135,"column":10}},"loc":{"start":{"line":135,"column":57},"end":{"line":155,"column":3}}},"7":{"name":"(anonymous_7)","decl":{"start":{"line":161,"column":2},"end":{"line":161,"column":9}},"loc":{"start":{"line":161,"column":2},"end":{"line":165,"column":3}}},"8":{"name":"(anonymous_8)","decl":{"start":{"line":171,"column":2},"end":{"line":171,"column":9}},"loc":{"start":{"line":171,"column":44},"end":{"line":174,"column":3}}},"9":{"name":"(anonymous_9)","decl":{"start":{"line":180,"column":2},"end":{"line":180,"column":9}},"loc":{"start":{"line":180,"column":2},"end":{"line":183,"column":3}}},"10":{"name":"(anonymous_10)","decl":{"start":{"line":189,"column":2},"end":{"line":189,"column":9}},"loc":{"start":{"line":189,"column":2},"end":{"line":192,"column":3}}},"11":{"name":"(anonymous_11)","decl":{"start":{"line":198,"column":2},"end":{"line":198,"column":9}},"loc":{"start":{"line":198,"column":2},"end":{"line":201,"column":3}}},"12":{"name":"(anonymous_12)","decl":{"start":{"line":206,"column":2},"end":{"line":206,"column":9}},"loc":{"start":{"line":206,"column":2},"end":{"line":213,"column":3}}},"13":{"name":"(anonymous_13)","decl":{"start":{"line":218,"column":2},"end":{"line":218,"column":9}},"loc":{"start":{"line":218,"column":2},"end":{"line":229,"column":3}}},"14":{"name":"(anonymous_14)","decl":{"start":{"line":219,"column":11},"end":{"line":219,"column":18}},"loc":{"start":{"line":219,"column":32},"end":{"line":228,"column":6}}},"15":{"name":"(anonymous_15)","decl":{"start":{"line":219,"column":32},"end":{"line":219,"column":null}},"loc":{"start":{"line":219,"column":32},"end":{"line":228,"column":6}}}},"branchMap":{"0":{"loc":{"start":{"line":65,"column":42},"end":{"line":65,"column":54}},"type":"cond-expr","locations":[{"start":{"line":65,"column":42},"end":{"line":65,"column":54}},{"start":{"line":65,"column":57},"end":{"line":65,"column":70}}]},"1":{"loc":{"start":{"line":65,"column":17},"end":{"line":65,"column":23}},"type":"binary-expr","locations":[{"start":{"line":65,"column":17},"end":{"line":65,"column":23}},{"start":{"line":65,"column":27},"end":{"line":65,"column":39}}]},"2":{"loc":{"start":{"line":66,"column":48},"end":{"line":66,"column":63}},"type":"cond-expr","locations":[{"start":{"line":66,"column":48},"end":{"line":66,"column":63}},{"start":{"line":66,"column":66},"end":{"line":66,"column":72}}]},"3":{"loc":{"start":{"line":66,"column":20},"end":{"line":66,"column":26}},"type":"binary-expr","locations":[{"start":{"line":66,"column":20},"end":{"line":66,"column":26}},{"start":{"line":66,"column":30},"end":{"line":66,"column":45}}]},"4":{"loc":{"start":{"line":67,"column":47},"end":{"line":67,"column":61}},"type":"cond-expr","locations":[{"start":{"line":67,"column":47},"end":{"line":67,"column":61}},{"start":{"line":67,"column":64},"end":{"line":67,"column":68}}]},"5":{"loc":{"start":{"line":67,"column":20},"end":{"line":67,"column":26}},"type":"binary-expr","locations":[{"start":{"line":67,"column":20},"end":{"line":67,"column":26}},{"start":{"line":67,"column":30},"end":{"line":67,"column":44}}]},"6":{"loc":{"start":{"line":68,"column":4},"end":{"line":68,"column":57}},"type":"if","locations":[{"start":{"line":68,"column":4},"end":{"line":68,"column":57}},{"start":{"line":68,"column":4},"end":{"line":68,"column":57}}]},"7":{"loc":{"start":{"line":73,"column":10},"end":{"line":73,"column":29}},"type":"cond-expr","locations":[{"start":{"line":73,"column":10},"end":{"line":73,"column":29}},{"start":{"line":74,"column":10},"end":{"line":76,"column":12}}]},"8":{"loc":{"start":{"line":72,"column":6},"end":{"line":72,"column":12}},"type":"binary-expr","locations":[{"start":{"line":72,"column":6},"end":{"line":72,"column":12}},{"start":{"line":72,"column":16},"end":{"line":72,"column":35}}]},"9":{"loc":{"start":{"line":84,"column":4},"end":{"line":86,"column":null}},"type":"if","locations":[{"start":{"line":84,"column":4},"end":{"line":86,"column":null}},{"start":{"line":84,"column":4},"end":{"line":86,"column":null}}]},"10":{"loc":{"start":{"line":93,"column":4},"end":{"line":93,"column":50}},"type":"if","locations":[{"start":{"line":93,"column":4},"end":{"line":93,"column":50}},{"start":{"line":93,"column":4},"end":{"line":93,"column":50}}]},"11":{"loc":{"start":{"line":108,"column":4},"end":{"line":108,"column":49}},"type":"if","locations":[{"start":{"line":108,"column":4},"end":{"line":108,"column":49}},{"start":{"line":108,"column":4},"end":{"line":108,"column":49}}]},"12":{"loc":{"start":{"line":109,"column":4},"end":{"line":109,"column":46}},"type":"if","locations":[{"start":{"line":109,"column":4},"end":{"line":109,"column":46}},{"start":{"line":109,"column":4},"end":{"line":109,"column":46}}]},"13":{"loc":{"start":{"line":120,"column":4},"end":{"line":120,"column":29}},"type":"if","locations":[{"start":{"line":120,"column":4},"end":{"line":120,"column":29}},{"start":{"line":120,"column":4},"end":{"line":120,"column":29}}]},"14":{"loc":{"start":{"line":122,"column":4},"end":{"line":122,"column":32}},"type":"if","locations":[{"start":{"line":122,"column":4},"end":{"line":122,"column":32}},{"start":{"line":122,"column":4},"end":{"line":122,"column":32}}]},"15":{"loc":{"start":{"line":123,"column":4},"end":{"line":127,"column":null}},"type":"if","locations":[{"start":{"line":123,"column":4},"end":{"line":127,"column":null}},{"start":{"line":123,"column":4},"end":{"line":127,"column":null}}]},"16":{"loc":{"start":{"line":125,"column":11},"end":{"line":127,"column":null}},"type":"if","locations":[{"start":{"line":125,"column":11},"end":{"line":127,"column":null}},{"start":{"line":125,"column":11},"end":{"line":127,"column":null}}]},"17":{"loc":{"start":{"line":136,"column":4},"end":{"line":136,"column":29}},"type":"if","locations":[{"start":{"line":136,"column":4},"end":{"line":136,"column":29}},{"start":{"line":136,"column":4},"end":{"line":136,"column":29}}]},"18":{"loc":{"start":{"line":138,"column":4},"end":{"line":138,"column":59}},"type":"if","locations":[{"start":{"line":138,"column":4},"end":{"line":138,"column":59}},{"start":{"line":138,"column":4},"end":{"line":138,"column":59}}]},"19":{"loc":{"start":{"line":138,"column":8},"end":{"line":138,"column":17}},"type":"binary-expr","locations":[{"start":{"line":138,"column":8},"end":{"line":138,"column":17}},{"start":{"line":138,"column":21},"end":{"line":138,"column":45}}]},"20":{"loc":{"start":{"line":139,"column":4},"end":{"line":153,"column":null}},"type":"if","locations":[{"start":{"line":139,"column":4},"end":{"line":153,"column":null}},{"start":{"line":139,"column":4},"end":{"line":153,"column":null}}]},"21":{"loc":{"start":{"line":143,"column":23},"end":{"line":143,"column":47}},"type":"binary-expr","locations":[{"start":{"line":143,"column":23},"end":{"line":143,"column":47}},{"start":{"line":143,"column":51},"end":{"line":143,"column":56}}]},"22":{"loc":{"start":{"line":146,"column":11},"end":{"line":153,"column":null}},"type":"if","locations":[{"start":{"line":146,"column":11},"end":{"line":153,"column":null}},{"start":{"line":146,"column":11},"end":{"line":153,"column":null}}]},"23":{"loc":{"start":{"line":150,"column":22},"end":{"line":150,"column":43}},"type":"binary-expr","locations":[{"start":{"line":150,"column":22},"end":{"line":150,"column":43}},{"start":{"line":150,"column":47},"end":{"line":150,"column":49}}]}},"s":{"0":1,"1":1,"2":1,"3":1,"4":1,"5":1,"6":1,"7":9,"8":9,"9":9,"10":9,"11":9,"12":9,"13":9,"14":9,"15":0,"16":9,"17":9,"18":9,"19":1,"20":0,"21":0,"22":0,"23":1,"24":9,"25":0,"26":9,"27":9,"28":9,"29":9,"30":9,"31":1,"32":9,"33":1,"34":8,"35":0,"36":8,"37":8,"38":8,"39":1,"40":9,"41":0,"42":9,"43":9,"44":9,"45":0,"46":0,"47":0,"48":0,"49":0,"50":1,"51":9,"52":0,"53":9,"54":9,"55":9,"56":0,"57":0,"58":0,"59":0,"60":0,"61":1,"62":0,"63":0,"64":0,"65":0,"66":1,"67":0,"68":0,"69":1,"70":0,"71":0,"72":0,"73":1,"74":0,"75":0,"76":0,"77":1,"78":12,"79":4,"80":4,"81":1,"82":9,"83":9,"84":9,"85":1,"86":9,"87":9,"88":9,"89":9,"90":9,"91":9,"92":9,"93":9,"94":6,"95":6,"96":1,"97":1},"f":{"0":1,"1":9,"2":0,"3":9,"4":9,"5":9,"6":9,"7":0,"8":0,"9":0,"10":0,"11":4,"12":9,"13":9,"14":9,"15":9},"b":{"0":[6,3],"1":[9,9],"2":[0,9],"3":[9,9],"4":[0,9],"5":[9,9],"6":[0,9],"7":[3,6],"8":[9,9],"9":[0,0],"10":[0,9],"11":[1,8],"12":[0,8],"13":[0,9],"14":[9,0],"15":[0,0],"16":[0,0],"17":[0,9],"18":[9,0],"19":[9,0],"20":[0,0],"21":[0,0],"22":[0,0],"23":[0,0]}}
,"/Users/okamotohidetaka/development/npm/talkyjs/core/src/handlers/index.ts": {"path":"/Users/okamotohidetaka/development/npm/talkyjs/core/src/handlers/index.ts","statementMap":{"0":{"start":{"line":1,"column":0},"end":{"line":1,"column":40}},"1":{"start":{"line":2,"column":0},"end":{"line":2,"column":31}},"2":{"start":{"line":3,"column":0},"end":{"line":3,"column":38}},"3":{"start":{"line":4,"column":0},"end":{"line":4,"column":37}},"4":{"start":{"line":5,"column":0},"end":{"line":5,"column":31}}},"fnMap":{},"branchMap":{},"s":{"0":1,"1":1,"2":1,"3":1,"4":1},"f":{},"b":{}}
,"/Users/okamotohidetaka/development/npm/talkyjs/core/src/handlers/ErrorHandler/ErrorHandler.handler.ts": {"path":"/Users/okamotohidetaka/development/npm/talkyjs/core/src/handlers/ErrorHandler/ErrorHandler.handler.ts","statementMap":{"0":{"start":{"line":6,"column":0},"end":{"line":6,"column":45}},"1":{"start":{"line":8,"column":0},"end":{"line":8,"column":39}},"2":{"start":{"line":10,"column":0},"end":{"line":10,"column":61}},"3":{"start":{"line":12,"column":13},"end":{"line":42,"column":2}},"4":{"start":{"line":15,"column":33},"end":{"line":40,"column":4}},"5":{"start":{"line":17,"column":6},"end":{"line":17,"column":56}},"6":{"start":{"line":20,"column":25},"end":{"line":22,"column":8}},"7":{"start":{"line":23,"column":6},"end":{"line":23,"column":26}},"8":{"start":{"line":24,"column":6},"end":{"line":33,"column":null}},"9":{"start":{"line":25,"column":8},"end":{"line":32,"column":11}},"10":{"start":{"line":34,"column":34},"end":{"line":34,"column":79}},"11":{"start":{"line":34,"column":19},"end":{"line":34,"column":21}},"12":{"start":{"line":34,"column":29},"end":{"line":34,"column":34}},"13":{"start":{"line":35,"column":6},"end":{"line":38,"column":23}},"14":{"start":{"line":41,"column":2},"end":{"line":41,"column":17}},"15":{"start":{"line":44,"column":60},"end":{"line":59,"column":2}},"16":{"start":{"line":45,"column":27},"end":{"line":45,"column":29}},"17":{"start":{"line":46,"column":23},"end":{"line":46,"column":47}},"18":{"start":{"line":47,"column":50},"end":{"line":49,"column":6}},"19":{"start":{"line":50,"column":4},"end":{"line":50,"column":68}},"20":{"start":{"line":50,"column":23},"end":{"line":50,"column":68}},"21":{"start":{"line":51,"column":4},"end":{"line":52,"column":63}},"22":{"start":{"line":52,"column":6},"end":{"line":52,"column":63}},"23":{"start":{"line":54,"column":4},"end":{"line":57,"column":7}},"24":{"start":{"line":55,"column":6},"end":{"line":55,"column":68}},"25":{"start":{"line":56,"column":6},"end":{"line":56,"column":32}},"26":{"start":{"line":61,"column":13},"end":{"line":72,"column":2}},"27":{"start":{"line":65,"column":2},"end":{"line":65,"column":38}},"28":{"start":{"line":65,"column":25},"end":{"line":65,"column":38}},"29":{"start":{"line":66,"column":2},"end":{"line":69,"column":null}},"30":{"start":{"line":67,"column":4},"end":{"line":67,"column":44}},"31":{"start":{"line":68,"column":4},"end":{"line":68,"column":66}},"32":{"start":{"line":70,"column":2},"end":{"line":70,"column":53}},"33":{"start":{"line":71,"column":2},"end":{"line":71,"column":15}}},"fnMap":{"0":{"name":"(anonymous_0)","decl":{"start":{"line":12,"column":34},"end":{"line":12,"column":null}},"loc":{"start":{"line":13,"column":33},"end":{"line":42,"column":1}}},"1":{"name":"(anonymous_1)","decl":{"start":{"line":16,"column":13},"end":{"line":16,"column":14}},"loc":{"start":{"line":16,"column":19},"end":{"line":18,"column":5}}},"2":{"name":"(anonymous_2)","decl":{"start":{"line":19,"column":12},"end":{"line":19,"column":13}},"loc":{"start":{"line":19,"column":32},"end":{"line":39,"column":5}}},"3":{"name":"(anonymous_3)","decl":{"start":{"line":45,"column":2},"end":{"line":45,"column":9}},"loc":{"start":{"line":45,"column":29},"end":{"line":58,"column":3}}},"4":{"name":"(anonymous_4)","decl":{"start":{"line":54,"column":26},"end":{"line":54,"column":31}},"loc":{"start":{"line":54,"column":31},"end":{"line":57,"column":5}}},"5":{"name":"(anonymous_5)","decl":{"start":{"line":61,"column":32},"end":{"line":61,"column":null}},"loc":{"start":{"line":63,"column":35},"end":{"line":72,"column":1}}}},"branchMap":{"0":{"loc":{"start":{"line":24,"column":6},"end":{"line":33,"column":null}},"type":"if","locations":[{"start":{"line":24,"column":6},"end":{"line":33,"column":null}},{"start":{"line":24,"column":6},"end":{"line":33,"column":null}}]},"1":{"loc":{"start":{"line":50,"column":4},"end":{"line":50,"column":68}},"type":"if","locations":[{"start":{"line":50,"column":4},"end":{"line":50,"column":68}},{"start":{"line":50,"column":4},"end":{"line":50,"column":68}}]},"2":{"loc":{"start":{"line":51,"column":4},"end":{"line":52,"column":63}},"type":"if","locations":[{"start":{"line":51,"column":4},"end":{"line":52,"column":63}},{"start":{"line":51,"column":4},"end":{"line":52,"column":63}}]},"3":{"loc":{"start":{"line":65,"column":2},"end":{"line":65,"column":38}},"type":"if","locations":[{"start":{"line":65,"column":2},"end":{"line":65,"column":38}},{"start":{"line":65,"column":2},"end":{"line":65,"column":38}}]},"4":{"loc":{"start":{"line":66,"column":2},"end":{"line":69,"column":null}},"type":"if","locations":[{"start":{"line":66,"column":2},"end":{"line":69,"column":null}},{"start":{"line":66,"column":2},"end":{"line":69,"column":null}}]}},"s":{"0":2,"1":2,"2":2,"3":2,"4":8,"5":2,"6":1,"7":1,"8":1,"9":0,"10":1,"11":1,"12":1,"13":1,"14":8,"15":2,"16":0,"17":0,"18":0,"19":0,"20":0,"21":0,"22":0,"23":0,"24":0,"25":0,"26":2,"27":12,"28":5,"29":7,"30":0,"31":0,"32":7,"33":7},"f":{"0":8,"1":2,"2":1,"3":0,"4":0,"5":12},"b":{"0":[0,1],"1":[0,0],"2":[0,0],"3":[5,7],"4":[0,7]}}
,"/Users/okamotohidetaka/development/npm/talkyjs/core/src/handlers/ErrorHandler/ErrorHandler.service.ts": {"path":"/Users/okamotohidetaka/development/npm/talkyjs/core/src/handlers/ErrorHandler/ErrorHandler.service.ts","statementMap":{"0":{"start":{"line":1,"column":0},"end":{"line":1,"column":55}},"1":{"start":{"line":7,"column":0},"end":{"line":7,"column":13}},"2":{"start":{"line":21,"column":16},"end":{"line":23,"column":null}},"3":{"start":{"line":22,"column":4},"end":{"line":22,"column":44}},"4":{"start":{"line":25,"column":16},"end":{"line":33,"column":null}},"5":{"start":{"line":26,"column":38},"end":{"line":26,"column":61}},"6":{"start":{"line":27,"column":20},"end":{"line":31,"column":6}},"7":{"start":{"line":28,"column":6},"end":{"line":28,"column":41}},"8":{"start":{"line":28,"column":29},"end":{"line":28,"column":41}},"9":{"start":{"line":29,"column":18},"end":{"line":29,"column":36}},"10":{"start":{"line":30,"column":6},"end":{"line":30,"column":30}},"11":{"start":{"line":32,"column":4},"end":{"line":32,"column":19}},"12":{"start":{"line":35,"column":16},"end":{"line":39,"column":null}},"13":{"start":{"line":36,"column":19},"end":{"line":36,"column":51}},"14":{"start":{"line":37,"column":17},"end":{"line":37,"column":47}},"15":{"start":{"line":38,"column":4},"end":{"line":38,"column":18}},"16":{"start":{"line":41,"column":16},"end":{"line":46,"column":null}},"17":{"start":{"line":42,"column":19},"end":{"line":42,"column":51}},"18":{"start":{"line":43,"column":17},"end":{"line":43,"column":47}},"19":{"start":{"line":44,"column":4},"end":{"line":44,"column":48}},"20":{"start":{"line":44,"column":15},"end":{"line":44,"column":48}},"21":{"start":{"line":45,"column":4},"end":{"line":45,"column":66}},"22":{"start":{"line":8,"column":25},"end":{"line":19,"column":4}},"23":{"start":{"line":47,"column":0},"end":{"line":47,"column":null}},"24":{"start":{"line":7,"column":13},"end":{"line":7,"column":32}}},"fnMap":{"0":{"name":"(anonymous_0)","decl":{"start":{"line":7,"column":0},"end":{"line":7,"column":13}},"loc":{"start":{"line":7,"column":0},"end":{"line":7,"column":13}}},"1":{"name":"(anonymous_2)","decl":{"start":{"line":21,"column":2},"end":{"line":21,"column":16}},"loc":{"start":{"line":21,"column":2},"end":{"line":23,"column":3}}},"2":{"name":"(anonymous_3)","decl":{"start":{"line":25,"column":2},"end":{"line":25,"column":16}},"loc":{"start":{"line":25,"column":48},"end":{"line":33,"column":3}}},"3":{"name":"(anonymous_4)","decl":{"start":{"line":27,"column":51},"end":{"line":27,"column":57}},"loc":{"start":{"line":27,"column":57},"end":{"line":31,"column":5}}},"4":{"name":"(anonymous_5)","decl":{"start":{"line":35,"column":2},"end":{"line":35,"column":16}},"loc":{"start":{"line":35,"column":51},"end":{"line":39,"column":3}}},"5":{"name":"(anonymous_6)","decl":{"start":{"line":41,"column":2},"end":{"line":41,"column":16}},"loc":{"start":{"line":41,"column":47},"end":{"line":46,"column":3}}}},"branchMap":{"0":{"loc":{"start":{"line":28,"column":6},"end":{"line":28,"column":41}},"type":"if","locations":[{"start":{"line":28,"column":6},"end":{"line":28,"column":41}},{"start":{"line":28,"column":6},"end":{"line":28,"column":41}}]},"1":{"loc":{"start":{"line":44,"column":4},"end":{"line":44,"column":48}},"type":"if","locations":[{"start":{"line":44,"column":4},"end":{"line":44,"column":48}},{"start":{"line":44,"column":4},"end":{"line":44,"column":48}}]},"2":{"loc":{"start":{"line":45,"column":11},"end":{"line":45,"column":36}},"type":"binary-expr","locations":[{"start":{"line":45,"column":11},"end":{"line":45,"column":36}},{"start":{"line":45,"column":40},"end":{"line":45,"column":65}}]}},"s":{"0":3,"1":3,"2":3,"3":16,"4":3,"5":15,"6":15,"7":27,"8":3,"9":24,"10":24,"11":15,"12":3,"13":6,"14":6,"15":6,"16":3,"17":5,"18":5,"19":5,"20":1,"21":4,"22":3,"23":3,"24":3},"f":{"0":3,"1":16,"2":15,"3":27,"4":6,"5":5},"b":{"0":[3,24],"1":[1,4],"2":[4,0]}}
,"/Users/okamotohidetaka/development/npm/talkyjs/core/src/handlers/ErrorHandler/index.ts": {"path":"/Users/okamotohidetaka/development/npm/talkyjs/core/src/handlers/ErrorHandler/index.ts","statementMap":{"0":{"start":{"line":1,"column":0},"end":{"line":1,"column":39}}},"fnMap":{},"branchMap":{},"s":{"0":2},"f":{},"b":{}}
,"/Users/okamotohidetaka/development/npm/talkyjs/core/src/handlers/IntentReflector/IntentReflector.handler.ts": {"path":"/Users/okamotohidetaka/development/npm/talkyjs/core/src/handlers/IntentReflector/IntentReflector.handler.ts","statementMap":{"0":{"start":{"line":1,"column":0},"end":{"line":1,"column":58}},"1":{"start":{"line":2,"column":0},"end":{"line":2,"column":45}},"2":{"start":{"line":5,"column":13},"end":{"line":17,"column":2}},"3":{"start":{"line":7,"column":4},"end":{"line":7,"column":66}},"4":{"start":{"line":10,"column":23},"end":{"line":10,"column":72}},"5":{"start":{"line":11,"column":4},"end":{"line":11,"column":46}},"6":{"start":{"line":12,"column":23},"end":{"line":13,"column":11}},"7":{"start":{"line":14,"column":23},"end":{"line":14,"column":57}},"8":{"start":{"line":15,"column":4},"end":{"line":15,"column":65}}},"fnMap":{"0":{"name":"(anonymous_0)","decl":{"start":{"line":6,"column":11},"end":{"line":6,"column":12}},"loc":{"start":{"line":6,"column":17},"end":{"line":8,"column":3}}},"1":{"name":"(anonymous_1)","decl":{"start":{"line":9,"column":2},"end":{"line":9,"column":8}},"loc":{"start":{"line":9,"column":14},"end":{"line":16,"column":3}}}},"branchMap":{},"s":{"0":3,"1":3,"2":3,"3":8,"4":7,"5":7,"6":7,"7":7,"8":7},"f":{"0":8,"1":7},"b":{}}
,"/Users/okamotohidetaka/development/npm/talkyjs/core/src/handlers/IntentReflector/index.ts": {"path":"/Users/okamotohidetaka/development/npm/talkyjs/core/src/handlers/IntentReflector/index.ts","statementMap":{"0":{"start":{"line":1,"column":0},"end":{"line":1,"column":42}}},"fnMap":{},"branchMap":{},"s":{"0":3},"f":{},"b":{}}
,"/Users/okamotohidetaka/development/npm/talkyjs/core/src/handlers/RepeatIntent/RepeatIntent.handler.ts": {"path":"/Users/okamotohidetaka/development/npm/talkyjs/core/src/handlers/RepeatIntent/RepeatIntent.handler.ts","statementMap":{"0":{"start":{"line":3,"column":0},"end":{"line":3,"column":50}},"1":{"start":{"line":4,"column":0},"end":{"line":4,"column":61}},"2":{"start":{"line":6,"column":13},"end":{"line":16,"column":2}},"3":{"start":{"line":8,"column":4},"end":{"line":8,"column":76}},"4":{"start":{"line":8,"column":63},"end":{"line":8,"column":76}},"5":{"start":{"line":9,"column":20},"end":{"line":9,"column":57}},"6":{"start":{"line":10,"column":4},"end":{"line":10,"column":37}},"7":{"start":{"line":13,"column":20},"end":{"line":13,"column":57}},"8":{"start":{"line":14,"column":4},"end":{"line":14,"column":50}}},"fnMap":{"0":{"name":"(anonymous_0)","decl":{"start":{"line":7,"column":2},"end":{"line":7,"column":11}},"loc":{"start":{"line":7,"column":24},"end":{"line":11,"column":3}}},"1":{"name":"(anonymous_1)","decl":{"start":{"line":12,"column":2},"end":{"line":12,"column":8}},"loc":{"start":{"line":12,"column":21},"end":{"line":15,"column":3}}}},"branchMap":{"0":{"loc":{"start":{"line":8,"column":4},"end":{"line":8,"column":76}},"type":"if","locations":[{"start":{"line":8,"column":4},"end":{"line":8,"column":76}},{"start":{"line":8,"column":4},"end":{"line":8,"column":76}}]}},"s":{"0":3,"1":3,"2":3,"3":10,"4":4,"5":6,"6":6,"7":3,"8":3},"f":{"0":10,"1":3},"b":{"0":[4,6]}}
,"/Users/okamotohidetaka/development/npm/talkyjs/core/src/handlers/RepeatIntent/RepeatIntent.interceptor.ts": {"path":"/Users/okamotohidetaka/development/npm/talkyjs/core/src/handlers/RepeatIntent/RepeatIntent.interceptor.ts","statementMap":{"0":{"start":{"line":2,"column":0},"end":{"line":2,"column":61}},"1":{"start":{"line":4,"column":13},"end":{"line":15,"column":2}},"2":{"start":{"line":7,"column":4},"end":{"line":7,"column":26}},"3":{"start":{"line":7,"column":19},"end":{"line":7,"column":26}},"4":{"start":{"line":9,"column":4},"end":{"line":9,"column":51}},"5":{"start":{"line":9,"column":44},"end":{"line":9,"column":51}},"6":{"start":{"line":11,"column":4},"end":{"line":11,"column":35}},"7":{"start":{"line":11,"column":28},"end":{"line":11,"column":35}},"8":{"start":{"line":12,"column":30},"end":{"line":12,"column":67}},"9":{"start":{"line":13,"column":4},"end":{"line":13,"column":47}}},"fnMap":{"0":{"name":"(anonymous_0)","decl":{"start":{"line":5,"column":2},"end":{"line":5,"column":9}},"loc":{"start":{"line":5,"column":32},"end":{"line":14,"column":3}}}},"branchMap":{"0":{"loc":{"start":{"line":7,"column":4},"end":{"line":7,"column":26}},"type":"if","locations":[{"start":{"line":7,"column":4},"end":{"line":7,"column":26}},{"start":{"line":7,"column":4},"end":{"line":7,"column":26}}]},"1":{"loc":{"start":{"line":9,"column":4},"end":{"line":9,"column":51}},"type":"if","locations":[{"start":{"line":9,"column":4},"end":{"line":9,"column":51}},{"start":{"line":9,"column":4},"end":{"line":9,"column":51}}]},"2":{"loc":{"start":{"line":11,"column":4},"end":{"line":11,"column":35}},"type":"if","locations":[{"start":{"line":11,"column":4},"end":{"line":11,"column":35}},{"start":{"line":11,"column":4},"end":{"line":11,"column":35}}]}},"s":{"0":3,"1":3,"2":12,"3":1,"4":11,"5":1,"6":10,"7":8,"8":2,"9":2},"f":{"0":12},"b":{"0":[1,11],"1":[1,10],"2":[8,2]}}
,"/Users/okamotohidetaka/development/npm/talkyjs/core/src/handlers/RepeatIntent/RepeatIntent.service.ts": {"path":"/Users/okamotohidetaka/development/npm/talkyjs/core/src/handlers/RepeatIntent/RepeatIntent.service.ts","statementMap":{"0":{"start":{"line":2,"column":0},"end":{"line":2,"column":107}},"1":{"start":{"line":4,"column":0},"end":{"line":4,"column":null}},"2":{"start":{"line":4,"column":41},"end":{"line":4,"column":65}},"3":{"start":{"line":4,"column":0},"end":{"line":4,"column":13}},"4":{"start":{"line":5,"column":19},"end":{"line":5,"column":50}},"5":{"start":{"line":6,"column":9},"end":{"line":8,"column":null}},"6":{"start":{"line":7,"column":4},"end":{"line":7,"column":69}},"7":{"start":{"line":9,"column":9},"end":{"line":11,"column":null}},"8":{"start":{"line":10,"column":4},"end":{"line":10,"column":63}},"9":{"start":{"line":12,"column":9},"end":{"line":15,"column":null}},"10":{"start":{"line":13,"column":17},"end":{"line":13,"column":40}},"11":{"start":{"line":14,"column":4},"end":{"line":14,"column":18}},"12":{"start":{"line":16,"column":0},"end":{"line":16,"column":null}},"13":{"start":{"line":4,"column":13},"end":{"line":4,"column":32}}},"fnMap":{"0":{"name":"(anonymous_0)","decl":{"start":{"line":4,"column":0},"end":{"line":4,"column":13}},"loc":{"start":{"line":4,"column":0},"end":{"line":16,"column":null}}},"1":{"name":"(anonymous_2)","decl":{"start":{"line":6,"column":2},"end":{"line":6,"column":9}},"loc":{"start":{"line":6,"column":42},"end":{"line":8,"column":3}}},"2":{"name":"(anonymous_3)","decl":{"start":{"line":9,"column":2},"end":{"line":9,"column":9}},"loc":{"start":{"line":9,"column":2},"end":{"line":11,"column":3}}},"3":{"name":"(anonymous_4)","decl":{"start":{"line":12,"column":2},"end":{"line":12,"column":9}},"loc":{"start":{"line":12,"column":2},"end":{"line":15,"column":3}}}},"branchMap":{"0":{"loc":{"start":{"line":4,"column":0},"end":{"line":4,"column":13}},"type":"binary-expr","locations":[{"start":{"line":4,"column":0},"end":{"line":4,"column":13}},{"start":{"line":4,"column":0},"end":{"line":4,"column":13}},{"start":{"line":4,"column":0},"end":{"line":4,"column":13}}]}},"s":{"0":5,"1":5,"2":5,"3":23,"4":23,"5":5,"6":7,"7":5,"8":21,"9":5,"10":12,"11":12,"12":5,"13":5},"f":{"0":28,"1":7,"2":21,"3":12},"b":{"0":[23,23,23]}}
,"/Users/okamotohidetaka/development/npm/talkyjs/core/src/handlers/RepeatIntent/index.ts": {"path":"/Users/okamotohidetaka/development/npm/talkyjs/core/src/handlers/RepeatIntent/index.ts","statementMap":{"0":{"start":{"line":1,"column":0},"end":{"line":1,"column":54}},"1":{"start":{"line":2,"column":0},"end":{"line":2,"column":74}},"2":{"start":{"line":4,"column":0},"end":{"line":4,"column":39}},"3":{"start":{"line":5,"column":0},"end":{"line":5,"column":43}},"4":{"start":{"line":11,"column":13},"end":{"line":18,"column":2}},"5":{"start":{"line":14,"column":2},"end":{"line":16,"column":38}},"6":{"start":{"line":17,"column":2},"end":{"line":17,"column":15}}},"fnMap":{"0":{"name":"(anonymous_0)","decl":{"start":{"line":11,"column":39},"end":{"line":11,"column":null}},"loc":{"start":{"line":12,"column":27},"end":{"line":18,"column":1}}}},"branchMap":{},"s":{"0":2,"1":2,"2":2,"3":2,"4":2,"5":11,"6":11},"f":{"0":11},"b":{}}
,"/Users/okamotohidetaka/development/npm/talkyjs/core/src/handlers/SessionEndedRequest/SessionEndedRequest.handler.ts": {"path":"/Users/okamotohidetaka/development/npm/talkyjs/core/src/handlers/SessionEndedRequest/SessionEndedRequest.handler.ts","statementMap":{"0":{"start":{"line":1,"column":0},"end":{"line":1,"column":58}},"1":{"start":{"line":2,"column":0},"end":{"line":2,"column":45}},"2":{"start":{"line":5,"column":13},"end":{"line":16,"column":2}},"3":{"start":{"line":7,"column":4},"end":{"line":7,"column":72}},"4":{"start":{"line":10,"column":23},"end":{"line":10,"column":72}},"5":{"start":{"line":11,"column":20},"end":{"line":11,"column":74}},"6":{"start":{"line":12,"column":4},"end":{"line":12,"column":62}},"7":{"start":{"line":13,"column":4},"end":{"line":13,"column":60}},"8":{"start":{"line":13,"column":23},"end":{"line":13,"column":60}},"9":{"start":{"line":14,"column":4},"end":{"line":14,"column":47}}},"fnMap":{"0":{"name":"(anonymous_0)","decl":{"start":{"line":6,"column":11},"end":{"line":6,"column":12}},"loc":{"start":{"line":6,"column":17},"end":{"line":8,"column":3}}},"1":{"name":"(anonymous_1)","decl":{"start":{"line":9,"column":2},"end":{"line":9,"column":8}},"loc":{"start":{"line":9,"column":14},"end":{"line":15,"column":3}}}},"branchMap":{"0":{"loc":{"start":{"line":13,"column":4},"end":{"line":13,"column":60}},"type":"if","locations":[{"start":{"line":13,"column":4},"end":{"line":13,"column":60}},{"start":{"line":13,"column":4},"end":{"line":13,"column":60}}]}},"s":{"0":2,"1":2,"2":2,"3":6,"4":2,"5":2,"6":2,"7":2,"8":0,"9":2},"f":{"0":6,"1":2},"b":{"0":[0,2]}}
,"/Users/okamotohidetaka/development/npm/talkyjs/core/src/handlers/SessionEndedRequest/index.ts": {"path":"/Users/okamotohidetaka/development/npm/talkyjs/core/src/handlers/SessionEndedRequest/index.ts","statementMap":{"0":{"start":{"line":1,"column":0},"end":{"line":1,"column":46}}},"fnMap":{},"branchMap":{},"s":{"0":1},"f":{},"b":{}}
,"/Users/okamotohidetaka/development/npm/talkyjs/core/src/handlers/SkillDisabledEvent/SkillDisabledEvent.handler.ts": {"path":"/Users/okamotohidetaka/development/npm/talkyjs/core/src/handlers/SkillDisabledEvent/SkillDisabledEvent.handler.ts","statementMap":{"0":{"start":{"line":1,"column":0},"end":{"line":1,"column":76}},"1":{"start":{"line":2,"column":0},"end":{"line":2,"column":45}},"2":{"start":{"line":4,"column":13},"end":{"line":24,"column":2}},"3":{"start":{"line":6,"column":4},"end":{"line":8,"column":6}},"4":{"start":{"line":11,"column":12},"end":{"line":11,"column":23}},"5":{"start":{"line":12,"column":10},"end":{"line":12,"column":59}},"6":{"start":{"line":13,"column":4},"end":{"line":13,"column":57}},"7":{"start":{"line":14,"column":12},"end":{"line":14,"column":43}},"8":{"start":{"line":15,"column":4},"end":{"line":19,"column":8}},"9":{"start":{"line":16,"column":6},"end":{"line":19,"column":8}},"10":{"start":{"line":20,"column":4},"end":{"line":20,"column":39}},"11":{"start":{"line":21,"column":4},"end":{"line":21,"column":51}},"12":{"start":{"line":22,"column":4},"end":{"line":22,"column":54}}},"fnMap":{"0":{"name":"(anonymous_0)","decl":{"start":{"line":5,"column":11},"end":{"line":5,"column":12}},"loc":{"start":{"line":5,"column":17},"end":{"line":9,"column":3}}},"1":{"name":"(anonymous_1)","decl":{"start":{"line":10,"column":14},"end":{"line":10,"column":15}},"loc":{"start":{"line":10,"column":27},"end":{"line":23,"column":null}}}},"branchMap":{"0":{"loc":{"start":{"line":15,"column":4},"end":{"line":19,"column":8}},"type":"if","locations":[{"start":{"line":15,"column":4},"end":{"line":19,"column":8}},{"start":{"line":15,"column":4},"end":{"line":19,"column":8}}]}},"s":{"0":2,"1":2,"2":2,"3":6,"4":3,"5":3,"6":3,"7":3,"8":3,"9":1,"10":4,"11":1,"12":1},"f":{"0":6,"1":3},"b":{"0":[1,2]}}
,"/Users/okamotohidetaka/development/npm/talkyjs/core/src/handlers/SkillDisabledEvent/index.ts": {"path":"/Users/okamotohidetaka/development/npm/talkyjs/core/src/handlers/SkillDisabledEvent/index.ts","statementMap":{"0":{"start":{"line":1,"column":0},"end":{"line":1,"column":45}}},"fnMap":{},"branchMap":{},"s":{"0":2},"f":{},"b":{}}
}
