TN:
SF:/Users/okamotohidetaka/development/npm/talkyjs/core/src/index.ts
FNF:0
FNH:0
DA:1,0
DA:2,0
DA:3,0
LF:3
LH:0
BRF:0
BRH:0
end_of_record
TN:
SF:/Users/okamotohidetaka/development/npm/talkyjs/core/src/CRM/UserActivity.classs.ts
FN:12,(anonymous_0)
FN:19,UserActivityManager
FN:36,(anonymous_2)
FN:44,(anonymous_5)
FN:53,(anonymous_8)
FN:64,(anonymous_11)
FNF:6
FNH:5
FNDA:2,(anonymous_0)
FNDA:6,UserActivityManager
FNDA:3,(anonymous_2)
FNDA:0,(anonymous_5)
FNDA:12,(anonymous_8)
FNDA:6,(anonymous_11)
DA:1,2
DA:3,2
DA:4,2
DA:10,2
DA:12,2
DA:21,6
DA:22,6
DA:24,12
DA:27,6
DA:28,6
DA:29,6
DA:30,6
DA:36,2
DA:37,3
DA:38,3
DA:44,2
DA:45,0
DA:46,0
DA:47,0
DA:53,2
DA:54,12
DA:58,12
DA:64,2
DA:65,6
DA:66,6
DA:67,6
DA:68,6
DA:70,12
DA:75,12
DA:76,0
DA:79,2
LF:31
LH:27
BRDA:24,0,0,6
BRDA:24,0,1,0
BRDA:27,1,0,6
BRDA:27,1,1,6
BRDA:37,2,0,3
BRDA:45,3,0,0
BRDA:54,4,0,12
BRDA:65,5,0,0
BRDA:65,5,1,6
BRDA:75,6,0,6
BRDA:75,6,1,0
BRF:11
BRH:7
end_of_record
TN:
SF:/Users/okamotohidetaka/development/npm/talkyjs/core/src/CRM/UserActivity.interceptor.ts
FN:7,(anonymous_0)
FNF:1
FNH:0
FNDA:0,(anonymous_0)
DA:2,1
DA:6,1
DA:8,0
DA:9,0
LF:4
LH:2
BRF:0
BRH:0
end_of_record
TN:
SF:/Users/okamotohidetaka/development/npm/talkyjs/core/src/CRM/UserActivity.utils.ts
FN:3,(anonymous_0)
FNF:1
FNH:1
FNDA:20,(anonymous_0)
DA:3,38
DA:4,20
DA:7,3
LF:3
LH:3
BRDA:3,0,0,18
BRDA:3,0,1,2
BRF:2
BRH:2
end_of_record
TN:
SF:/Users/okamotohidetaka/development/npm/talkyjs/core/src/CRM/index.ts
FNF:0
FNH:0
DA:1,1
DA:2,1
DA:3,1
DA:4,1
LF:4
LH:4
BRF:0
BRH:0
end_of_record
TN:
SF:/Users/okamotohidetaka/development/npm/talkyjs/core/src/Logger/Logger.class.ts
FN:8,(anonymous_0)
FN:12,LoggerService
FN:31,(anonymous_2)
FN:44,(anonymous_3)
FNF:4
FNH:4
FNDA:7,(anonymous_0)
FNDA:13,LoggerService
FNDA:27,(anonymous_2)
FNDA:30,(anonymous_3)
DA:1,7
DA:3,7
DA:8,7
DA:16,13
DA:31,7
DA:35,27
DA:36,7
DA:37,0
DA:39,7
DA:41,27
DA:44,7
DA:45,30
DA:47,7
LF:13
LH:12
BRDA:17,0,0,0
BRDA:17,0,1,13
BRDA:24,1,0,0
BRDA:24,1,1,13
BRDA:35,2,0,7
BRDA:35,2,1,20
BRDA:36,3,0,0
BRDA:36,3,1,7
BRF:8
BRH:5
end_of_record
TN:
SF:/Users/okamotohidetaka/development/npm/talkyjs/core/src/Logger/Logger.utils.ts
FN:16,(anonymous_0)
FNF:1
FNH:1
FNDA:39,(anonymous_0)
DA:5,7
DA:16,7
DA:17,39
LF:3
LH:3
BRDA:6,0,0,7
BRDA:6,0,1,7
BRDA:10,1,0,7
BRDA:10,1,1,7
BRF:4
BRH:4
end_of_record
TN:
SF:/Users/okamotohidetaka/development/npm/talkyjs/core/src/Logger/index.ts
FNF:0
FNH:0
DA:1,6
LF:1
LH:1
BRF:0
BRH:0
end_of_record
TN:
SF:/Users/okamotohidetaka/development/npm/talkyjs/core/src/PersistanteAttributesManager/PersistanteAttributesManager.interceptor.ts
FN:8,(anonymous_0)
FNF:1
FNH:1
FNDA:2,(anonymous_0)
DA:2,4
DA:7,4
DA:8,2
DA:9,2
DA:12,4
LF:5
LH:5
BRF:0
BRH:0
end_of_record
TN:
SF:/Users/okamotohidetaka/development/npm/talkyjs/core/src/PersistanteAttributesManager/PersistanteAttributesManager.service.ts
FN:13,(anonymous_0)
FN:14,(anonymous_2)
FN:18,(anonymous_3)
FN:22,(anonymous_4)
FN:31,(anonymous_5)
FN:48,PersistanteAttributesManager
FN:38,(anonymous_7)
FN:52,(anonymous_8)
FN:82,(anonymous_11)
FN:97,(anonymous_14)
FNF:10
FNH:7
FNDA:19,(anonymous_0)
FNDA:0,(anonymous_2)
FNDA:0,(anonymous_3)
FNDA:0,(anonymous_4)
FNDA:4,(anonymous_5)
FNDA:15,PersistanteAttributesManager
FNDA:4,(anonymous_7)
FNDA:12,(anonymous_8)
FNDA:16,(anonymous_11)
FNDA:12,(anonymous_14)
DA:13,4
DA:14,4
DA:15,0
DA:18,4
DA:19,0
DA:22,4
DA:23,0
DA:25,4
DA:31,4
DA:35,15
DA:36,15
DA:38,4
DA:41,4
DA:42,2
DA:44,4
DA:49,15
DA:52,4
DA:54,12
DA:55,12
DA:56,12
DA:62,0
DA:63,0
DA:65,0
DA:66,0
DA:82,4
DA:84,16
DA:85,16
DA:89,0
DA:91,16
DA:97,4
DA:98,12
DA:99,18
DA:100,9
DA:102,4
LF:34
LH:26
BRDA:41,0,0,2
BRDA:41,0,1,2
BRDA:55,1,0,12
BRDA:55,1,1,0
BRDA:98,2,0,3
BRDA:98,2,1,9
BRF:6
BRH:5
end_of_record
TN:
SF:/Users/okamotohidetaka/development/npm/talkyjs/core/src/PersistanteAttributesManager/index.ts
FNF:0
FNH:0
DA:1,4
DA:2,4
LF:2
LH:2
BRF:0
BRH:0
end_of_record
TN:
SF:/Users/okamotohidetaka/development/npm/talkyjs/core/src/SessionAttributesManager/SessionAttributesManager.service.ts
FN:2,(anonymous_0)
FN:5,SessionAttributesManager
FN:14,(anonymous_2)
FN:28,(anonymous_3)
FNF:4
FNH:4
FNDA:6,(anonymous_0)
FNDA:29,SessionAttributesManager
FNDA:11,(anonymous_2)
FNDA:24,(anonymous_3)
DA:2,6
DA:3,29
DA:5,29
DA:6,29
DA:14,6
DA:15,11
DA:16,11
DA:17,11
DA:21,11
DA:28,6
DA:29,24
DA:30,24
DA:31,24
DA:32,12
DA:33,12
DA:34,12
DA:36,6
LF:17
LH:17
BRDA:16,0,0,11
BRDA:16,0,1,11
BRDA:31,1,0,12
BRDA:31,1,1,12
BRDA:31,2,0,24
BRDA:31,2,1,24
BRDA:34,3,0,12
BRDA:34,3,1,0
BRF:8
BRH:7
end_of_record
TN:
SF:/Users/okamotohidetaka/development/npm/talkyjs/core/src/SessionAttributesManager/index.ts
FNF:0
FNH:0
DA:1,1
LF:1
LH:1
BRF:0
BRH:0
end_of_record
TN:
SF:/Users/okamotohidetaka/development/npm/talkyjs/core/src/framework/index.ts
FNF:0
FNH:0
DA:1,1
DA:2,1
LF:2
LH:2
BRF:0
BRH:0
end_of_record
TN:
SF:/Users/okamotohidetaka/development/npm/talkyjs/core/src/framework/skillFactory.class.ts
FN:34,(anonymous_0)
FN:73,SkillFactory
FN:92,(anonymous_2)
FN:101,(anonymous_3)
FN:117,(anonymous_4)
FN:130,(anonymous_5)
FN:142,(anonymous_6)
FN:158,(anonymous_7)
FN:185,(anonymous_8)
FN:195,(anonymous_9)
FN:204,(anonymous_10)
FN:213,(anonymous_11)
FN:222,(anonymous_12)
FN:231,(anonymous_13)
FN:239,(anonymous_14)
FN:251,(anonymous_15)
FN:252,(anonymous_16)
FN:252,(anonymous_17)
FNF:18
FNH:12
FNDA:1,(anonymous_0)
FNDA:9,SkillFactory
FNDA:0,(anonymous_2)
FNDA:9,(anonymous_3)
FNDA:9,(anonymous_4)
FNDA:9,(anonymous_5)
FNDA:9,(anonymous_6)
FNDA:9,(anonymous_7)
FNDA:0,(anonymous_8)
FNDA:0,(anonymous_9)
FNDA:0,(anonymous_10)
FNDA:0,(anonymous_11)
FNDA:0,(anonymous_12)
FNDA:13,(anonymous_13)
FNDA:9,(anonymous_14)
FNDA:9,(anonymous_15)
FNDA:9,(anonymous_16)
FNDA:9,(anonymous_17)
DA:1,1
DA:10,1
DA:11,1
DA:13,1
DA:14,1
DA:22,1
DA:29,1
DA:30,1
DA:34,1
DA:38,9
DA:48,9
DA:50,9
DA:51,9
DA:56,9
DA:74,9
DA:75,9
DA:76,9
DA:77,9
DA:78,9
DA:79,9
DA:80,9
DA:92,1
DA:93,0
DA:94,0
DA:96,0
DA:101,1
DA:102,9
DA:103,9
DA:104,9
DA:108,9
DA:109,9
DA:110,9
DA:111,9
DA:117,1
DA:118,9
DA:119,0
DA:124,0
DA:130,1
DA:131,9
DA:132,8
DA:133,8
DA:134,8
DA:135,8
DA:142,1
DA:143,9
DA:144,9
DA:145,9
DA:146,0
DA:147,0
DA:148,0
DA:149,0
DA:151,0
DA:158,1
DA:159,9
DA:160,9
DA:161,9
DA:162,0
DA:163,0
DA:164,0
DA:170,0
DA:171,0
DA:178,0
DA:185,1
DA:186,0
DA:187,0
DA:188,0
DA:195,1
DA:196,0
DA:197,0
DA:204,1
DA:205,0
DA:206,0
DA:213,1
DA:214,0
DA:215,0
DA:222,1
DA:223,0
DA:224,0
DA:231,48
DA:232,13
DA:233,13
DA:239,1
DA:240,9
DA:244,9
DA:245,9
DA:251,9
DA:252,9
DA:253,9
DA:256,9
DA:257,9
DA:258,9
DA:259,6
DA:260,6
DA:263,1
LF:94
LH:67
BRDA:74,0,0,6
BRDA:74,0,1,3
BRDA:74,1,0,9
BRDA:74,1,1,9
BRDA:75,2,0,0
BRDA:75,2,1,9
BRDA:75,3,0,9
BRDA:75,3,1,9
BRDA:76,4,0,0
BRDA:76,4,1,9
BRDA:76,5,0,9
BRDA:76,5,1,9
BRDA:77,6,0,0
BRDA:77,6,1,9
BRDA:82,7,0,3
BRDA:82,7,1,6
BRDA:81,8,0,9
BRDA:81,8,1,9
BRDA:93,9,0,0
BRDA:93,9,1,0
BRDA:102,10,0,0
BRDA:102,10,1,9
BRDA:118,11,0,9
BRDA:118,11,1,0
BRDA:131,12,0,1
BRDA:131,12,1,8
BRDA:132,13,0,0
BRDA:132,13,1,8
BRDA:143,14,0,0
BRDA:143,14,1,9
BRDA:145,15,0,9
BRDA:145,15,1,0
BRDA:146,16,0,0
BRDA:146,16,1,0
BRDA:148,17,0,0
BRDA:148,17,1,0
BRDA:159,18,0,0
BRDA:159,18,1,9
BRDA:161,19,0,9
BRDA:161,19,1,0
BRDA:161,20,0,9
BRDA:161,20,1,0
BRDA:163,21,0,0
BRDA:163,21,1,0
BRDA:167,22,0,0
BRDA:167,22,1,0
BRDA:170,23,0,0
BRDA:170,23,1,0
BRDA:174,24,0,0
BRDA:174,24,1,0
BRF:50
BRH:25
end_of_record
TN:
SF:/Users/okamotohidetaka/development/npm/talkyjs/core/src/handlers/index.ts
FNF:0
FNH:0
DA:1,1
DA:2,1
DA:3,1
DA:4,1
DA:5,1
LF:5
LH:5
BRF:0
BRH:0
end_of_record
TN:
SF:/Users/okamotohidetaka/development/npm/talkyjs/core/src/handlers/ErrorHandler/ErrorHandler.handler.ts
FN:12,(anonymous_0)
FN:16,(anonymous_1)
FN:19,(anonymous_2)
FN:45,(anonymous_3)
FN:54,(anonymous_4)
FN:61,(anonymous_5)
FNF:6
FNH:4
FNDA:8,(anonymous_0)
FNDA:2,(anonymous_1)
FNDA:1,(anonymous_2)
FNDA:0,(anonymous_3)
FNDA:0,(anonymous_4)
FNDA:12,(anonymous_5)
DA:6,2
DA:8,2
DA:10,2
DA:12,2
DA:15,8
DA:17,2
DA:20,1
DA:23,1
DA:24,1
DA:25,0
DA:34,1
DA:35,1
DA:41,8
DA:44,2
DA:45,0
DA:46,0
DA:47,0
DA:50,0
DA:51,0
DA:52,0
DA:54,0
DA:55,0
DA:56,0
DA:61,2
DA:65,12
DA:66,7
DA:67,0
DA:68,0
DA:70,7
DA:71,7
LF:30
LH:18
BRDA:24,0,0,0
BRDA:24,0,1,1
BRDA:50,1,0,0
BRDA:50,1,1,0
BRDA:51,2,0,0
BRDA:51,2,1,0
BRDA:65,3,0,5
BRDA:65,3,1,7
BRDA:66,4,0,0
BRDA:66,4,1,7
BRF:10
BRH:4
end_of_record
TN:
SF:/Users/okamotohidetaka/development/npm/talkyjs/core/src/handlers/ErrorHandler/ErrorHandler.service.ts
FN:7,(anonymous_0)
FN:21,(anonymous_2)
FN:25,(anonymous_3)
FN:27,(anonymous_4)
FN:35,(anonymous_5)
FN:41,(anonymous_6)
FNF:6
FNH:6
FNDA:3,(anonymous_0)
FNDA:16,(anonymous_2)
FNDA:15,(anonymous_3)
FNDA:27,(anonymous_4)
FNDA:6,(anonymous_5)
FNDA:5,(anonymous_6)
DA:1,3
DA:7,3
DA:8,3
DA:21,3
DA:22,16
DA:25,3
DA:26,15
DA:27,15
DA:28,27
DA:29,24
DA:30,24
DA:32,15
DA:35,3
DA:36,6
DA:37,6
DA:38,6
DA:41,3
DA:42,5
DA:43,5
DA:44,5
DA:45,4
DA:47,3
LF:22
LH:22
BRDA:28,0,0,3
BRDA:28,0,1,24
BRDA:44,1,0,1
BRDA:44,1,1,4
BRDA:45,2,0,4
BRDA:45,2,1,0
BRF:6
BRH:5
end_of_record
TN:
SF:/Users/okamotohidetaka/development/npm/talkyjs/core/src/handlers/ErrorHandler/index.ts
FNF:0
FNH:0
DA:1,2
LF:1
LH:1
BRF:0
BRH:0
end_of_record
TN:
SF:/Users/okamotohidetaka/development/npm/talkyjs/core/src/handlers/IntentReflector/IntentReflector.handler.ts
FN:6,(anonymous_0)
FN:9,(anonymous_1)
FNF:2
FNH:2
FNDA:8,(anonymous_0)
FNDA:7,(anonymous_1)
DA:1,3
DA:2,3
DA:5,3
DA:7,8
DA:10,7
DA:11,7
DA:12,7
DA:14,7
DA:15,7
LF:9
LH:9
BRF:0
BRH:0
end_of_record
TN:
SF:/Users/okamotohidetaka/development/npm/talkyjs/core/src/handlers/IntentReflector/index.ts
FNF:0
FNH:0
DA:1,3
LF:1
LH:1
BRF:0
BRH:0
end_of_record
TN:
SF:/Users/okamotohidetaka/development/npm/talkyjs/core/src/handlers/RepeatIntent/RepeatIntent.handler.ts
FN:7,(anonymous_0)
FN:12,(anonymous_1)
FNF:2
FNH:2
FNDA:10,(anonymous_0)
FNDA:3,(anonymous_1)
DA:3,3
DA:4,3
DA:6,3
DA:8,10
DA:9,6
DA:10,6
DA:13,3
DA:14,3
LF:8
LH:8
BRDA:8,0,0,4
BRDA:8,0,1,6
BRF:2
BRH:2
end_of_record
TN:
SF:/Users/okamotohidetaka/development/npm/talkyjs/core/src/handlers/RepeatIntent/RepeatIntent.interceptor.ts
FN:5,(anonymous_0)
FNF:1
FNH:1
FNDA:12,(anonymous_0)
DA:2,3
DA:4,3
DA:7,12
DA:9,11
DA:11,10
DA:12,2
DA:13,2
LF:7
LH:7
BRDA:7,0,0,1
BRDA:7,0,1,11
BRDA:9,1,0,1
BRDA:9,1,1,10
BRDA:11,2,0,8
BRDA:11,2,1,2
BRF:6
BRH:6
end_of_record
TN:
SF:/Users/okamotohidetaka/development/npm/talkyjs/core/src/handlers/RepeatIntent/RepeatIntent.service.ts
FN:4,(anonymous_0)
FN:6,(anonymous_2)
FN:9,(anonymous_3)
FN:12,(anonymous_4)
FNF:4
FNH:4
FNDA:28,(anonymous_0)
FNDA:7,(anonymous_2)
FNDA:21,(anonymous_3)
FNDA:12,(anonymous_4)
DA:2,5
DA:4,23
DA:5,23
DA:6,5
DA:7,7
DA:9,5
DA:10,21
DA:12,5
DA:13,12
DA:14,12
DA:16,5
LF:11
LH:11
BRDA:4,0,0,23
BRDA:4,0,1,23
BRDA:4,0,2,23
BRF:3
BRH:3
end_of_record
TN:
SF:/Users/okamotohidetaka/development/npm/talkyjs/core/src/handlers/RepeatIntent/index.ts
FN:11,(anonymous_0)
FNF:1
FNH:1
FNDA:11,(anonymous_0)
DA:1,2
DA:2,2
DA:4,2
DA:5,2
DA:11,2
DA:14,11
DA:17,11
LF:7
LH:7
BRF:0
BRH:0
end_of_record
TN:
SF:/Users/okamotohidetaka/development/npm/talkyjs/core/src/handlers/SessionEndedRequest/SessionEndedRequest.handler.ts
FN:6,(anonymous_0)
FN:9,(anonymous_1)
FNF:2
FNH:2
FNDA:7,(anonymous_0)
FNDA:2,(anonymous_1)
DA:1,2
DA:2,2
DA:5,2
DA:7,7
DA:10,2
DA:11,2
DA:12,2
DA:13,2
DA:14,2
LF:9
LH:9
BRDA:13,0,0,0
BRDA:13,0,1,2
BRF:2
BRH:1
end_of_record
TN:
SF:/Users/okamotohidetaka/development/npm/talkyjs/core/src/handlers/SessionEndedRequest/index.ts
FNF:0
FNH:0
DA:1,1
LF:1
LH:1
BRF:0
BRH:0
end_of_record
TN:
SF:/Users/okamotohidetaka/development/npm/talkyjs/core/src/handlers/SkillDisabledEvent/SkillDisabledEvent.handler.ts
FN:5,(anonymous_0)
FN:10,(anonymous_1)
FNF:2
FNH:2
FNDA:7,(anonymous_0)
FNDA:3,(anonymous_1)
DA:1,2
DA:2,2
DA:4,2
DA:6,7
DA:11,3
DA:12,3
DA:13,3
DA:14,3
DA:15,3
DA:16,1
DA:20,4
DA:21,1
DA:22,1
LF:13
LH:13
BRDA:15,0,0,1
BRDA:15,0,1,2
BRF:2
BRH:2
end_of_record
TN:
SF:/Users/okamotohidetaka/development/npm/talkyjs/core/src/handlers/SkillDisabledEvent/index.ts
FNF:0
FNH:0
DA:1,2
LF:1
LH:1
BRF:0
BRH:0
end_of_record
